Removed Pin From Net: NetName=VCC Pin=Cp5-1
Removed Pin From Net: NetName=GND Pin=Cp5-2
Removed Pin From Net: NetName=NetRp8_2 Pin=Cp9-1
Removed Pin From Net: NetName=NetRp8_2 Pin=Cp10-1
Removed Pin From Net: NetName=GND Pin=Cp10-2
Removed Pin From Net: NetName=GND Pin=Cp11-2
Removed Pin From Net: NetName=NetUp3_2 Pin=Cp14-1
Removed Pin From Net: NetName=GND Pin=Cp14-2
Removed Pin From Net: NetName=VCC Pin=Cp15-1
Removed Pin From Net: NetName=VCC Pin=Cp22-1
Removed Pin From Net: NetName=VCC Pin=Lp2-1
Removed Pin From Net: NetName=VCC Pin=Lp3-1
Removed Pin From Net: NetName=VCC Pin=Lp4-1
Removed Pin From Net: NetName=VCC Pin=Pp1-1
Removed Pin From Net: NetName=VCC Pin=Rp7-1
Removed Pin From Net: NetName=VCC Pin=Rp7-2
Removed Pin From Net: NetName=NetRp6_1 Pin=Rp9-1
Removed Pin From Net: NetName=GND Pin=Rp9-2
Removed Pin From Net: NetName=VCC Pin=Up1-1
Removed Pin From Net: NetName=NetLp2_2 Pin=Up1-2
Removed Pin From Net: NetName=VCC Pin=Up1-3
Removed Pin From Net: NetName=NetRp8_1 Pin=Up1-4
Removed Pin From Net: NetName=NetRp8_2 Pin=Up1-5
Removed Pin From Net: NetName=GND Pin=Up1-6
Removed Pin From Net: NetName=VCC Pin=Up3-11
Removed Pin From Net: NetName=VCC Pin=Up3-12
Removed Pin From Net: NetName=GND Pin=Up4-13
Removed Pin From Net: NetName=VCC Pin=Up5-1
Removed Pin From Net: NetName=NetLp3_2 Pin=Up5-2
Removed Pin From Net: NetName=VCC Pin=Up5-3
Removed Pin From Net: NetName=NetRp15_1 Pin=Up5-4
Removed Pin From Net: NetName=NetCp18_1 Pin=Up5-5
Removed Pin From Net: NetName=GND Pin=Up5-6
Removed Pin From Net: NetName=VCC Pin=Up7-2
Removed Pin From Net: NetName=VCC Pin=Up7-3
Removed Pin From Net: NetName=Vout Pin=VCO-1 (VCC)
Removed Pin From Net: NetName=RFGND Pin=VCO-2
Removed Pin From Net: NetName=RFGND Pin=VCO-3
Removed Pin From Net: NetName=RFGND Pin=VCO-4
Removed Pin From Net: NetName=Vout Pin=VCO-5 (RF)
Removed Pin From Net: NetName=RFGND Pin=VCO-6
Removed Pin From Net: NetName=RFGND Pin=VCO-7
Removed Pin From Net: NetName=RFGND Pin=VCO-8
Removed Pin From Net: NetName=RFGND Pin=VCO-10
Removed Pin From Net: NetName=RFGND Pin=VCO-11
Removed Pin From Net: NetName=RFGND Pin=VCO-12
Removed Pin From Net: NetName=RFGND Pin=VCO-14
Removed Pin From Net: NetName=RFGND Pin=VCO-15
Removed Pin From Net: NetName=RFGND Pin=VCO-16
Change Component Footprint: Designator=Lr1 Old Footprint=PCBComponent_1 New Footprint=0603CS82NXGLW
Change Component Comment : Designator=Lr1 Old Comment=Comment New Comment=18nH
Change component parameters: Designator = "Lr1" ("Lr1"); Footprint = "PCBComponent_1"; UniqueID = "\CLVRWFUZ" ("\CLVRWFUZ")
Change component parameters (AddParameter): Name = "Arrow Part Number"; Value = ""; VariantName = "[No Variations]"
Change component parameters (AddParameter): Name = "Arrow Price/Stock"; Value = ""; VariantName = "[No Variations]"
Change component parameters (AddParameter): Name = "Datasheet Link"; Value = "https://www.coilcraft.com/pdfs/0603cs.pdf"; VariantName = "[No Variations]"
Change component parameters (AddParameter): Name = "Height"; Value = "1mm"; VariantName = "[No Variations]"
Change component parameters (AddParameter): Name = "Manufacturer_Name"; Value = "COILCRAFT"; VariantName = "[No Variations]"
Change component parameters (AddParameter): Name = "Manufacturer_Part_Number"; Value = "0603CS-18NXJLW"; VariantName = "[No Variations]"
Change component parameters (AddParameter): Name = "Mouser Part Number"; Value = "994-0603CS-18NXJLW"; VariantName = "[No Variations]"
Change component parameters (AddParameter): Name = "Mouser Price/Stock"; Value = "https://www.mouser.co.uk/ProductDetail/Coilcraft/0603CS-18NXJLW?qs=JVZp5BaCFzhI16sz%2FTNAfg%3D%3D"; VariantName = "[No Variations]"
Add Pin To Net: Unknown Pin: Pin -1
Add Pin To Net: Unknown Pin: Pin -2
Add Pin To Net: Unknown Pin: Pin -3
Add Pin To Net: Unknown Pin: Pin -4
Add Pin To Net: Unknown Pin: Pin -5
Add Pin To Net: Unknown Pin: Pin -6
Add Pin To Net: Unknown Pin: Pin -7
Add Pin To Net: Unknown Pin: Pin -8
Add Pin To Net: Unknown Pin: Pin -9
Add Pin To Net: Unknown Pin: Pin -10
Add Pin To Net: Unknown Pin: Pin -11
Add Pin To Net: Unknown Pin: Pin -12
Add Pin To Net: Unknown Pin: Pin -13
Add Pin To Net: Unknown Pin: Pin -15
Add Pin To Net: Unknown Pin: Pin -16
Added Pin To Net: NetName=VCC Pin=Cp12-1
Added Pin To Net: NetName=VCC Pin=Rp2-1
Added Pin To Net: NetName=VCC Pin=Rp3-1
Added Pin To Net: NetName=VCC Pin=Rp5-1
Added Pin To Net: NetName=VCC Pin=Rp6-2
Added Pin To Net: NetName=GND Pin=Rp9-1
Added Pin To Net: NetName=VCC Pin=Rp10-1
Added Pin To Net: NetName=VCC Pin=Rp11-1
Added Pin To Net: NetName=VCC Pin=Rp12-1
Add Pin To Net: Unknown Pin: Pin Up1-A2
Add Pin To Net: Unknown Pin: Pin Up1-B1
Add Pin To Net: Unknown Pin: Pin Up1-B2
Add Pin To Net: Unknown Pin: Pin Up1-C1
Added Pin To Net: NetName=VCC Pin=Up2-1
Added Pin To Net: NetName=VCC Pin=Up2-2
Added Pin To Net: NetName=VCC Pin=Up3-1
Add Pin To Net: Unknown Pin: Pin Up5-A2
Add Pin To Net: Unknown Pin: Pin Up5-B1
Add Pin To Net: Unknown Pin: Pin Up5-B2
Add Pin To Net: Unknown Pin: Pin Up5-C1
Change Net Name : Old Net Name=VCC New Net Name=Vdigital
Change Net Color : Old Net Color=RGB(158, 161, 117) New Net Color=Yellow
Added Pin To Net: NetName=VCC Pin=Cp15-1
Added Pin To Net: NetName=VCC Pin=Cp22-1
Added Pin To Net: NetName=VCC Pin=Lp2-1
Added Pin To Net: NetName=VCC Pin=Lp3-1
Added Pin To Net: NetName=VCC Pin=Lp4-1
Added Pin To Net: NetName=VCC Pin=Pp1-1
Added Pin To Net: NetName=VCC Pin=Rp7-1
Added Pin To Net: NetName=VCC Pin=Rp7-2
Added Pin To Net: NetName=VCC Pin=Up3-11
Added Pin To Net: NetName=VCC Pin=Up3-12
Added Pin To Net: NetName=VCC Pin=Up7-2
Added Pin To Net: NetName=VCC Pin=Up7-3
Added Net: Name=VCC
Added Member To Class: ClassName=RF Waveform Generator Schematic Member=Component Lr1 18nH
Add Class Member: Failed to add class member : Component  VCO
