Removed Pin From Net: NetName=GND Pin=Up4-13
Removed Member From Class: ClassName=RF Waveform Generator Schematic Member=Up1
Added Component: Designator=U?(Boost)
Add component (AddParameter): Name = "Mfr_Name"; Value = "Texas Instruments"; VariantName = "[No Variations]"
Add component (AddParameter): Name = "RefDes"; Value = "RefDes"; VariantName = "[No Variations]"
Add component (AddParameter): Name = "Type"; Value = "Power Management"; VariantName = "[No Variations]"
Added Component: Designator=U?(Boost)
Add component (AddParameter): Name = "Mfr_Name"; Value = "Texas Instruments"; VariantName = "[No Variations]"
Add component (AddParameter): Name = "RefDes"; Value = "RefDes"; VariantName = "[No Variations]"
Add component (AddParameter): Name = "Type"; Value = "Power Management"; VariantName = "[No Variations]"
Add Pin To Net: Unknown Pin: Pin U?-A1
Add Pin To Net: Unknown Pin: Pin U?-A1
Add Pin To Net: Unknown Pin: Pin U?-A2
Add Pin To Net: Unknown Pin: Pin U?-A2
Add Pin To Net: Unknown Pin: Pin U?-B1
Add Pin To Net: Unknown Pin: Pin U?-B1
Add Pin To Net: Unknown Pin: Pin U?-B2
Add Pin To Net: Unknown Pin: Pin U?-B2
Add Pin To Net: Unknown Pin: Pin U?-C1
Add Pin To Net: Unknown Pin: Pin U?-C1
Add Pin To Net: Unknown Pin: Pin U?-C2
Add Pin To Net: Unknown Pin: Pin U?-C2
Added Member To Class: ClassName=RF Waveform Generator Schematic Member=Component U? TPS61299YBHR
Added Member To Class: ClassName=RF Waveform Generator Schematic Member=Component U? TPS61299YBHR
