Removed Pin From Net: NetName=NetRp8_2 Pin=Cp9-1
Removed Pin From Net: NetName=NetRp8_2 Pin=Cp10-1
Removed Pin From Net: NetName=GND Pin=Cp10-2
Removed Pin From Net: NetName=NetCp12_1 Pin=Cp11-1
Removed Pin From Net: NetName=GND Pin=Cp11-2
Removed Pin From Net: NetName=GND Pin=Rp6-1
Removed Pin From Net: NetName=GND Pin=Rp9-2
Removed Pin From Net: NetName=NetRp8_1 Pin=Up1-4
Removed Pin From Net: NetName=NetRp8_2 Pin=Up1-5
Removed Pin From Net: NetName=GND Pin=Up1-6
Removed Pin From Net: NetName=GND Pin=Up2-3
Removed Pin From Net: NetName=VCC Pin=Up5-1
Removed Pin From Net: NetName=NetLp3_2 Pin=Up5-2
Removed Pin From Net: NetName=VCC Pin=Up5-3
Removed Pin From Net: NetName=NetRp15_1 Pin=Up5-4
Removed Pin From Net: NetName=NetCp18_1 Pin=Up5-5
Removed Pin From Net: NetName=GND Pin=Up5-6
Add Component: Footprint Not Found 0603CS82NXGLW
Add Pin To Net: Unknown Pin: Pin -1
Add Pin To Net: Unknown Pin: Pin -2
Add Pin To Net: Unknown Pin: Pin -3
Add Pin To Net: Unknown Pin: Pin -4
Add Pin To Net: Unknown Pin: Pin -5
Add Pin To Net: Unknown Pin: Pin -6
Add Pin To Net: Unknown Pin: Pin -7
Add Pin To Net: Unknown Pin: Pin -8
Add Pin To Net: Unknown Pin: Pin -9
Add Pin To Net: Unknown Pin: Pin -10
Add Pin To Net: Unknown Pin: Pin -11
Add Pin To Net: Unknown Pin: Pin -12
Add Pin To Net: Unknown Pin: Pin -13
Add Pin To Net: Unknown Pin: Pin -15
Add Pin To Net: Unknown Pin: Pin -16
Add Pin To Net: Unknown Pin: Pin Lr1-1
Add Pin To Net: Unknown Pin: Pin Lr1-2
Add Pin To Net: Unknown Pin: Pin Up1-A1
Add Pin To Net: Unknown Pin: Pin Up1-A2
Add Pin To Net: Unknown Pin: Pin Up1-B1
Add Pin To Net: Unknown Pin: Pin Up1-B2
Add Pin To Net: Unknown Pin: Pin Up1-C1
Add Pin To Net: Unknown Pin: Pin Up1-C2
Add Pin To Net: Unknown Pin: Pin Up5-A1
Add Pin To Net: Unknown Pin: Pin Up5-A2
Add Pin To Net: Unknown Pin: Pin Up5-B1
Add Pin To Net: Unknown Pin: Pin Up5-B2
Add Pin To Net: Unknown Pin: Pin Up5-C1
Add Pin To Net: Unknown Pin: Pin Up5-C2
Added Pin To Net: NetName=NetRp6_1 Pin=Rp6-1
Added Pin To Net: NetName=NetRp6_1 Pin=Up2-3
Added Net: Name=NetRp6_1
Add Class Member: Failed to add class member : Component Lr1 18nH
Add Class Member: Failed to add class member : Component  VCO
