Change Footprint: Footprint Not Found SON52P200X200X95-9N
Add Pin To Net: Unknown Pin: Pin -7
Add Pin To Net: Unknown Pin: Pin -8
Add Pin To Net: Unknown Pin: Pin -9
Add Pin To Net: Unknown Pin: Pin -10
Add Pin To Net: Unknown Pin: Pin -11
Add Pin To Net: Unknown Pin: Pin -12
Add Pin To Net: Unknown Pin: Pin -13
Add Pin To Net: Unknown Pin: Pin -15
Add Pin To Net: Unknown Pin: Pin -16
Add Pin To Net: Unknown Pin: Pin Up1-A1
Add Pin To Net: Unknown Pin: Pin Up1-A2
Add Pin To Net: Unknown Pin: Pin Up1-B1
Add Pin To Net: Unknown Pin: Pin Up1-B2
Add Pin To Net: Unknown Pin: Pin Up1-C1
Add Pin To Net: Unknown Pin: Pin Up1-C2
Add Pin To Net: Unknown Pin: Pin Up5-A1
Add Pin To Net: Unknown Pin: Pin Up5-A2
Add Pin To Net: Unknown Pin: Pin Up5-B1
Add Pin To Net: Unknown Pin: Pin Up5-B2
Add Pin To Net: Unknown Pin: Pin Up5-C1
Add Pin To Net: Unknown Pin: Pin Up5-C2
