Removed Pin From Net: NetName=VCC Pin=Cp5-1
Removed Pin From Net: NetName=GND Pin=Cp5-2
Removed Pin From Net: NetName=NetRp8_2 Pin=Cp9-1
Removed Pin From Net: NetName=NetRp8_2 Pin=Cp10-1
Removed Pin From Net: NetName=GND Pin=Cp10-2
Removed Pin From Net: NetName=NetCp12_1 Pin=Cp11-1
Removed Pin From Net: NetName=GND Pin=Cp11-2
Removed Pin From Net: NetName=NetUp3_2 Pin=Cp14-1
Removed Pin From Net: NetName=GND Pin=Cp14-2
Removed Pin From Net: NetName=NetCr2_1 Pin=Ir1-1
Removed Pin From Net: NetName=Vout Pin=Ir1-2
Removed Pin From Net: NetName=VCC Pin=Rd6-1
Removed Pin From Net: NetName=SDA1 Pin=Rd6-2
Removed Pin From Net: NetName=VCC Pin=Rd7-1
Removed Pin From Net: NetName=SCL1 Pin=Rd7-2
Removed Pin From Net: NetName=VCC Pin=Rd8-1
Removed Pin From Net: NetName=RF Alert Pin=Rd8-2
Removed Pin From Net: NetName=VCC Pin=Rd9-1
Removed Pin From Net: NetName=Digital Alert Pin=Rd9-2
Removed Pin From Net: NetName=GND Pin=RF Amp-3
Removed Pin From Net: NetName=GND Pin=RF Amp-4
Removed Pin From Net: NetName=GND Pin=RF Amp-5
Removed Pin From Net: NetName=GND Pin=RF Amp-8
Removed Pin From Net: NetName=NetCp12_1 Pin=Rp7-1
Removed Pin From Net: NetName=GND Pin=Rp9-2
Removed Pin From Net: NetName=NetCp12_1 Pin=Rp10-1
Removed Pin From Net: NetName=NetCp12_1 Pin=Rp11-1
Removed Pin From Net: NetName=NetCp12_1 Pin=Rp12-1
Removed Pin From Net: NetName=GND Pin=Rr1-1
Removed Pin From Net: NetName=VCC Pin=Up1-1
Removed Pin From Net: NetName=NetLp2_2 Pin=Up1-2
Removed Pin From Net: NetName=VCC Pin=Up1-3
Removed Pin From Net: NetName=NetRp8_1 Pin=Up1-4
Removed Pin From Net: NetName=NetRp8_2 Pin=Up1-5
Removed Pin From Net: NetName=GND Pin=Up1-6
Removed Pin From Net: NetName=NetCp12_1 Pin=Up3-12
Removed Pin From Net: NetName=GND Pin=Up4-13
Removed Pin From Net: NetName=VCC Pin=Up5-1
Removed Pin From Net: NetName=NetLp3_2 Pin=Up5-2
Removed Pin From Net: NetName=VCC Pin=Up5-3
Removed Pin From Net: NetName=NetRp15_1 Pin=Up5-4
Removed Pin From Net: NetName=NetCp18_1 Pin=Up5-5
Removed Pin From Net: NetName=GND Pin=Up5-6
Removed Member From Class: ClassName=RF Waveform Generator Schematic Member=Rd6
Removed Member From Class: ClassName=RF Waveform Generator Schematic Member=Rd7
Removed Member From Class: ClassName=RF Waveform Generator Schematic Member=Rd9
Change component parameters: Designator = "RF Amp" ("RF Amp"); Footprint = "PCBComponent_1"; UniqueID = "\SOEJNZYU" ("\SOEJNZYU")
Change component parameters (AddParameter): Name = "Arrow Part Number"; Value = ""; VariantName = "[No Variations]"
Change component parameters (AddParameter): Name = "Arrow Price/Stock"; Value = ""; VariantName = "[No Variations]"
Change component parameters (AddParameter): Name = "Datasheet Link"; Value = "https://gr.mouser.com/datasheet/2/412/TQL9093_Data_Sheet-1500671.pdf"; VariantName = "[No Variations]"
Change component parameters (AddParameter): Name = "Height"; Value = "0.95mm"; VariantName = "[No Variations]"
Change component parameters (AddParameter): Name = "Manufacturer_Name"; Value = "Qorvo"; VariantName = "[No Variations]"
Change component parameters (AddParameter): Name = "Manufacturer_Part_Number"; Value = "TQL9093"; VariantName = "[No Variations]"
Change component parameters (AddParameter): Name = "Mouser Part Number"; Value = "772-TQL9093"; VariantName = "[No Variations]"
Change component parameters (AddParameter): Name = "Mouser Price/Stock"; Value = "https://www.mouser.co.uk/ProductDetail/Qorvo/TQL9093?qs=zguNQ0T05GxQgIqSGHnBbQ%3D%3D"; VariantName = "[No Variations]"
Add Component: Footprint Not Found 0603CS82NXGLW
Add Pin To Net: Unknown Pin: Pin -1
Add Pin To Net: Unknown Pin: Pin -2
Add Pin To Net: Unknown Pin: Pin -3
Add Pin To Net: Unknown Pin: Pin -4
Add Pin To Net: Unknown Pin: Pin -5
Add Pin To Net: Unknown Pin: Pin -6
Add Pin To Net: Unknown Pin: Pin -7
Add Pin To Net: Unknown Pin: Pin -8
Add Pin To Net: Unknown Pin: Pin -9
Add Pin To Net: Unknown Pin: Pin -10
Add Pin To Net: Unknown Pin: Pin -11
Add Pin To Net: Unknown Pin: Pin -12
Add Pin To Net: Unknown Pin: Pin -13
Add Pin To Net: Unknown Pin: Pin -15
Add Pin To Net: Unknown Pin: Pin -16
Add Pin To Net: Unknown Pin: Pin Lr1-1
Add Pin To Net: Unknown Pin: Pin Lr1-2
Added Pin To Net: NetName=RFGND Pin=RF Amp-3
Added Pin To Net: NetName=RFGND Pin=RF Amp-4
Added Pin To Net: NetName=RFGND Pin=RF Amp-5
Added Pin To Net: NetName=RFGND Pin=RF Amp-8
Added Pin To Net: NetName=RFGND Pin=RF Amp-9
Added Pin To Net: NetName=GND Pin=Rp6-1
Added Pin To Net: NetName=VCC Pin=Rp7-1
Added Pin To Net: NetName=VCC Pin=Rp10-1
Added Pin To Net: NetName=VCC Pin=Rp11-1
Added Pin To Net: NetName=VCC Pin=Rp12-1
Added Pin To Net: NetName=RFGND Pin=Rr1-1
Add Pin To Net: Unknown Pin: Pin Up1-A1
Add Pin To Net: Unknown Pin: Pin Up1-A2
Add Pin To Net: Unknown Pin: Pin Up1-B1
Add Pin To Net: Unknown Pin: Pin Up1-B2
Add Pin To Net: Unknown Pin: Pin Up1-C1
Add Pin To Net: Unknown Pin: Pin Up1-C2
Added Pin To Net: NetName=GND Pin=Up2-3
Added Pin To Net: NetName=VCC Pin=Up3-12
Add Pin To Net: Unknown Pin: Pin Up5-A1
Add Pin To Net: Unknown Pin: Pin Up5-A2
Add Pin To Net: Unknown Pin: Pin Up5-B1
Add Pin To Net: Unknown Pin: Pin Up5-B2
Add Pin To Net: Unknown Pin: Pin Up5-C1
Add Pin To Net: Unknown Pin: Pin Up5-C2
Add Class Member: Failed to add class member : Component Lr1 18nH
Added Member To Class: ClassName=RF Waveform Generator Schematic Member=Component Rd3 RC0402FR-071KL
Added Member To Class: ClassName=RF Waveform Generator Schematic Member=Component Rd10 AC0402FR-0710KL
Added Member To Class: ClassName=RF Waveform Generator Schematic Member=Component Rd12 AC0402FR-0710KL
Added Member To Class: ClassName=RF Waveform Generator Schematic Member=Component Rd14 300O
Added Member To Class: ClassName=RF Waveform Generator Schematic Member=Component Rd15 300O
Added Member To Class: ClassName=RF Waveform Generator Schematic Member=Component Rd16 300O
Added Member To Class: ClassName=RF Waveform Generator Schematic Member=Component Rd17 300O
Added Member To Class: ClassName=RF Waveform Generator Schematic Member=Component Rd18 300O
Added Member To Class: ClassName=RF Waveform Generator Schematic Member=Component RF Amp Comment
Add Class Member: Failed to add class member : Component  VCO
